2016-10-31 11:20:40 Warning: Warning (2): Declaration of Cake\Chronos\Traits\FrozenTimeTrait::setTime($hours, $minutes, $seconds = 0) should be compatible with DateTime::setTime($hour, $minute, $second = NULL, $microseconds = NULL) in [/var/www/html/cake/vendor/cakephp/chronos/src/MutableDate.php, line 24]
Trace:
Cake\Error\BaseErrorHandler::handleError() - CORE/src/Error/BaseErrorHandler.php, line 146
include - ROOT/vendor/cakephp/chronos/src/MutableDate.php, line 24
Composer\Autoload\includeFile - ROOT/vendor/composer/ClassLoader.php, line 414
Composer\Autoload\ClassLoader::loadClass() - ROOT/vendor/composer/ClassLoader.php, line 301
spl_autoload_call - [internal], line ??
include - CORE/src/I18n/Date.php, line 26
Composer\Autoload\includeFile - ROOT/vendor/composer/ClassLoader.php, line 414
Composer\Autoload\ClassLoader::loadClass() - ROOT/vendor/composer/ClassLoader.php, line 301
spl_autoload_call - [internal], line ??
class_exists - [internal], line ??
Cake\Database\Type\DateTimeType::_setClassName() - CORE/src/Database/Type/DateTimeType.php, line 265
Cake\Database\Type\DateTimeType::__construct() - CORE/src/Database/Type/DateTimeType.php, line 94
Cake\Database\Type::build() - CORE/src/Database/Type.php, line 107
require_once - ROOT/config/bootstrap.php, line 192
Cake\Http\BaseApplication::bootstrap() - CORE/src/Http/BaseApplication.php, line 61
Cake\Http\Server::run() - CORE/src/Http/Server.php, line 74
require - ROOT/webroot/index.php, line 37
[main] - ROOT/index.php, line 16



2016-10-31 11:20:40 Warning: Warning (2): Declaration of Cake\Chronos\Traits\FrozenTimeTrait::setTime($hours, $minutes, $seconds = 0) should be compatible with DateTimeImmutable::setTime($hour, $minute, $second = NULL, $microseconds = NULL) in [/var/www/html/cake/vendor/cakephp/chronos/src/Date.php, line 24]
Trace:
Cake\Error\BaseErrorHandler::handleError() - CORE/src/Error/BaseErrorHandler.php, line 146
include - ROOT/vendor/cakephp/chronos/src/Date.php, line 24
Composer\Autoload\includeFile - ROOT/vendor/composer/ClassLoader.php, line 414
Composer\Autoload\ClassLoader::loadClass() - ROOT/vendor/composer/ClassLoader.php, line 301
spl_autoload_call - [internal], line ??
include - CORE/src/I18n/FrozenDate.php, line 28
Composer\Autoload\includeFile - ROOT/vendor/composer/ClassLoader.php, line 414
Composer\Autoload\ClassLoader::loadClass() - ROOT/vendor/composer/ClassLoader.php, line 301
spl_autoload_call - [internal], line ??
class_exists - [internal], line ??
Cake\Database\Type\DateTimeType::_setClassName() - CORE/src/Database/Type/DateTimeType.php, line 265
Cake\Database\Type\DateType::useImmutable() - CORE/src/Database/Type/DateType.php, line 48
require_once - ROOT/config/bootstrap.php, line 193
Cake\Http\BaseApplication::bootstrap() - CORE/src/Http/BaseApplication.php, line 61
Cake\Http\Server::run() - CORE/src/Http/Server.php, line 74
require - ROOT/webroot/index.php, line 37
[main] - ROOT/index.php, line 16



2016-10-31 11:20:42 Error: [Cake\Database\Exception\MissingExtensionException] Database driver Cake\Database\Driver\Mysql cannot be used due to a missing PHP extension or unmet dependency
Exception Attributes: array (
  'driver' => 'Cake\\Database\\Driver\\Mysql',
)
Request URL: /
Stack Trace:
#0 /var/www/html/cake/vendor/cakephp/cakephp/src/Database/Connection.php(108): Cake\Database\Connection->driver(Object(Cake\Database\Driver\Mysql), Array)
#1 /var/www/html/cake/vendor/cakephp/cakephp/src/Datasource/ConnectionRegistry.php(89): Cake\Database\Connection->__construct(Array)
#2 /var/www/html/cake/vendor/cakephp/cakephp/src/Core/ObjectRegistry.php(93): Cake\Datasource\ConnectionRegistry->_create('Cake\\Database\\C...', 'default', Array)
#3 /var/www/html/cake/vendor/cakephp/cakephp/src/Datasource/ConnectionManager.php(205): Cake\Core\ObjectRegistry->load('Cake\\Database\\C...', Array)
#4 /var/www/html/cake/vendor/cakephp/debug_kit/src/Panel/SqlLogPanel.php(47): Cake\Datasource\ConnectionManager::get('default')
#5 /var/www/html/cake/vendor/cakephp/debug_kit/src/Routing/Filter/DebugBarFilter.php(161): DebugKit\Panel\SqlLogPanel->initialize()
#6 /var/www/html/cake/vendor/cakephp/cakephp/src/Event/EventManager.php(426): DebugKit\Routing\Filter\DebugBarFilter->beforeDispatch(Object(Cake\Event\Event), Object(Cake\Network\Request), Object(Cake\Network\Response))
#7 /var/www/html/cake/vendor/cakephp/cakephp/src/Event/EventManager.php(391): Cake\Event\EventManager->_callListener(Array, Object(Cake\Event\Event))
#8 /var/www/html/cake/vendor/cakephp/cakephp/src/Event/EventDispatcherTrait.php(78): Cake\Event\EventManager->dispatch(Object(Cake\Event\Event))
#9 /var/www/html/cake/vendor/cakephp/cakephp/src/Http/ActionDispatcher.php(81): Cake\Http\ActionDispatcher->dispatchEvent('Dispatcher.befo...', Array)
#10 /var/www/html/cake/vendor/cakephp/cakephp/src/Http/BaseApplication.php(83): Cake\Http\ActionDispatcher->dispatch(Object(Cake\Network\Request), Object(Cake\Network\Response))
#11 /var/www/html/cake/vendor/cakephp/cakephp/src/Http/Runner.php(65): Cake\Http\BaseApplication->__invoke(Object(Zend\Diactoros\ServerRequest), Object(Zend\Diactoros\Response), Object(Cake\Http\Runner))
#12 /var/www/html/cake/vendor/cakephp/cakephp/src/Routing/Middleware/RoutingMiddleware.php(62): Cake\Http\Runner->__invoke(Object(Zend\Diactoros\ServerRequest), Object(Zend\Diactoros\Response))
#13 /var/www/html/cake/vendor/cakephp/cakephp/src/Http/Runner.php(65): Cake\Routing\Middleware\RoutingMiddleware->__invoke(Object(Zend\Diactoros\ServerRequest), Object(Zend\Diactoros\Response), Object(Cake\Http\Runner))
#14 /var/www/html/cake/vendor/cakephp/cakephp/src/Routing/Middleware/AssetMiddleware.php(88): Cake\Http\Runner->__invoke(Object(Zend\Diactoros\ServerRequest), Object(Zend\Diactoros\Response))
#15 /var/www/html/cake/vendor/cakephp/cakephp/src/Http/Runner.php(65): Cake\Routing\Middleware\AssetMiddleware->__invoke(Object(Zend\Diactoros\ServerRequest), Object(Zend\Diactoros\Response), Object(Cake\Http\Runner))
#16 /var/www/html/cake/vendor/cakephp/cakephp/src/Error/Middleware/ErrorHandlerMiddleware.php(81): Cake\Http\Runner->__invoke(Object(Zend\Diactoros\ServerRequest), Object(Zend\Diactoros\Response))
#17 /var/www/html/cake/vendor/cakephp/cakephp/src/Http/Runner.php(65): Cake\Error\Middleware\ErrorHandlerMiddleware->__invoke(Object(Zend\Diactoros\ServerRequest), Object(Zend\Diactoros\Response), Object(Cake\Http\Runner))
#18 /var/www/html/cake/vendor/cakephp/cakephp/src/Http/Runner.php(51): Cake\Http\Runner->__invoke(Object(Zend\Diactoros\ServerRequest), Object(Zend\Diactoros\Response))
#19 /var/www/html/cake/vendor/cakephp/cakephp/src/Http/Server.php(92): Cake\Http\Runner->run(Object(Cake\Http\MiddlewareQueue), Object(Zend\Diactoros\ServerRequest), Object(Zend\Diactoros\Response))
#20 /var/www/html/cake/webroot/index.php(37): Cake\Http\Server->run()
#21 /var/www/html/cake/index.php(16): require('/var/www/html/c...')
#22 {main}


2016-10-31 11:20:42 Warning: Warning (512): Unable to emit headers. Headers sent in file=/var/www/html/cake/vendor/cakephp/cakephp/src/Error/Debugger.php line=753 in [/var/www/html/cake/vendor/cakephp/cakephp/src/Http/ResponseEmitter.php, line 48]
Request URL: /cake/
Client IP: 172.17.0.1
Trace:
Cake\Error\BaseErrorHandler::handleError() - CORE/src/Error/BaseErrorHandler.php, line 146
Cake\Http\ResponseEmitter::emit() - CORE/src/Http/ResponseEmitter.php, line 48
Cake\Http\Server::emit() - CORE/src/Http/Server.php, line 118
require - ROOT/webroot/index.php, line 37
[main] - ROOT/index.php, line 16



2016-10-31 11:20:42 Warning: Warning (2): Cannot modify header information - headers already sent by (output started at /var/www/html/cake/vendor/cakephp/cakephp/src/Error/Debugger.php:753) in [/var/www/html/cake/vendor/cakephp/cakephp/src/Http/ResponseEmitter.php, line 145]
Request URL: /cake/
Client IP: 172.17.0.1
Trace:
Cake\Error\BaseErrorHandler::handleError() - CORE/src/Error/BaseErrorHandler.php, line 146
header - [internal], line ??
Cake\Http\ResponseEmitter::emitStatusLine() - CORE/src/Http/ResponseEmitter.php, line 145
Cake\Http\ResponseEmitter::emit() - CORE/src/Http/ResponseEmitter.php, line 54
Cake\Http\Server::emit() - CORE/src/Http/Server.php, line 118
require - ROOT/webroot/index.php, line 37
[main] - ROOT/index.php, line 16



2016-10-31 11:20:42 Warning: Warning (2): Cannot modify header information - headers already sent by (output started at /var/www/html/cake/vendor/cakephp/cakephp/src/Error/Debugger.php:753) in [/var/www/html/cake/vendor/cakephp/cakephp/src/Http/ResponseEmitter.php, line 170]
Request URL: /cake/
Client IP: 172.17.0.1
Trace:
Cake\Error\BaseErrorHandler::handleError() - CORE/src/Error/BaseErrorHandler.php, line 146
header - [internal], line ??
Cake\Http\ResponseEmitter::emitHeaders() - CORE/src/Http/ResponseEmitter.php, line 170
Cake\Http\ResponseEmitter::emit() - CORE/src/Http/ResponseEmitter.php, line 55
Cake\Http\Server::emit() - CORE/src/Http/Server.php, line 118
require - ROOT/webroot/index.php, line 37
[main] - ROOT/index.php, line 16



2016-10-31 11:20:42 Warning: Warning (2): Cannot modify header information - headers already sent by (output started at /var/www/html/cake/vendor/cakephp/cakephp/src/Error/Debugger.php:753) in [/var/www/html/cake/vendor/cakephp/cakephp/src/Http/ResponseEmitter.php, line 170]
Request URL: /cake/
Client IP: 172.17.0.1
Trace:
Cake\Error\BaseErrorHandler::handleError() - CORE/src/Error/BaseErrorHandler.php, line 146
header - [internal], line ??
Cake\Http\ResponseEmitter::emitHeaders() - CORE/src/Http/ResponseEmitter.php, line 170
Cake\Http\ResponseEmitter::emit() - CORE/src/Http/ResponseEmitter.php, line 55
Cake\Http\Server::emit() - CORE/src/Http/Server.php, line 118
require - ROOT/webroot/index.php, line 37
[main] - ROOT/index.php, line 16



2016-11-03 13:56:08 Warning: Warning (2): Declaration of Cake\Chronos\Traits\FrozenTimeTrait::setTime($hours, $minutes, $seconds = 0) should be compatible with DateTime::setTime($hour, $minute, $second = NULL, $microseconds = NULL) in [/var/www/html/cake/vendor/cakephp/chronos/src/MutableDate.php, line 24]
Trace:
Cake\Error\BaseErrorHandler::handleError() - CORE/src/Error/BaseErrorHandler.php, line 146
include - ROOT/vendor/cakephp/chronos/src/MutableDate.php, line 24
Composer\Autoload\includeFile - ROOT/vendor/composer/ClassLoader.php, line 414
Composer\Autoload\ClassLoader::loadClass() - ROOT/vendor/composer/ClassLoader.php, line 301
spl_autoload_call - [internal], line ??
include - CORE/src/I18n/Date.php, line 26
Composer\Autoload\includeFile - ROOT/vendor/composer/ClassLoader.php, line 414
Composer\Autoload\ClassLoader::loadClass() - ROOT/vendor/composer/ClassLoader.php, line 301
spl_autoload_call - [internal], line ??
class_exists - [internal], line ??
Cake\Database\Type\DateTimeType::_setClassName() - CORE/src/Database/Type/DateTimeType.php, line 265
Cake\Database\Type\DateTimeType::__construct() - CORE/src/Database/Type/DateTimeType.php, line 94
Cake\Database\Type::build() - CORE/src/Database/Type.php, line 107
require_once - ROOT/config/bootstrap.php, line 192
Cake\Http\BaseApplication::bootstrap() - CORE/src/Http/BaseApplication.php, line 61
Cake\Http\Server::run() - CORE/src/Http/Server.php, line 74
require - ROOT/webroot/index.php, line 37
[main] - ROOT/index.php, line 16



2016-11-03 13:56:08 Warning: Warning (2): Declaration of Cake\Chronos\Traits\FrozenTimeTrait::setTime($hours, $minutes, $seconds = 0) should be compatible with DateTimeImmutable::setTime($hour, $minute, $second = NULL, $microseconds = NULL) in [/var/www/html/cake/vendor/cakephp/chronos/src/Date.php, line 24]
Trace:
Cake\Error\BaseErrorHandler::handleError() - CORE/src/Error/BaseErrorHandler.php, line 146
include - ROOT/vendor/cakephp/chronos/src/Date.php, line 24
Composer\Autoload\includeFile - ROOT/vendor/composer/ClassLoader.php, line 414
Composer\Autoload\ClassLoader::loadClass() - ROOT/vendor/composer/ClassLoader.php, line 301
spl_autoload_call - [internal], line ??
include - CORE/src/I18n/FrozenDate.php, line 28
Composer\Autoload\includeFile - ROOT/vendor/composer/ClassLoader.php, line 414
Composer\Autoload\ClassLoader::loadClass() - ROOT/vendor/composer/ClassLoader.php, line 301
spl_autoload_call - [internal], line ??
class_exists - [internal], line ??
Cake\Database\Type\DateTimeType::_setClassName() - CORE/src/Database/Type/DateTimeType.php, line 265
Cake\Database\Type\DateType::useImmutable() - CORE/src/Database/Type/DateType.php, line 48
require_once - ROOT/config/bootstrap.php, line 193
Cake\Http\BaseApplication::bootstrap() - CORE/src/Http/BaseApplication.php, line 61
Cake\Http\Server::run() - CORE/src/Http/Server.php, line 74
require - ROOT/webroot/index.php, line 37
[main] - ROOT/index.php, line 16



2016-11-03 13:56:09 Error: [Cake\Database\Exception\MissingExtensionException] Database driver Cake\Database\Driver\Mysql cannot be used due to a missing PHP extension or unmet dependency
Exception Attributes: array (
  'driver' => 'Cake\\Database\\Driver\\Mysql',
)
Request URL: /
Stack Trace:
#0 /var/www/html/cake/vendor/cakephp/cakephp/src/Database/Connection.php(108): Cake\Database\Connection->driver(Object(Cake\Database\Driver\Mysql), Array)
#1 /var/www/html/cake/vendor/cakephp/cakephp/src/Datasource/ConnectionRegistry.php(89): Cake\Database\Connection->__construct(Array)
#2 /var/www/html/cake/vendor/cakephp/cakephp/src/Core/ObjectRegistry.php(93): Cake\Datasource\ConnectionRegistry->_create('Cake\\Database\\C...', 'default', Array)
#3 /var/www/html/cake/vendor/cakephp/cakephp/src/Datasource/ConnectionManager.php(205): Cake\Core\ObjectRegistry->load('Cake\\Database\\C...', Array)
#4 /var/www/html/cake/vendor/cakephp/debug_kit/src/Panel/SqlLogPanel.php(47): Cake\Datasource\ConnectionManager::get('default')
#5 /var/www/html/cake/vendor/cakephp/debug_kit/src/Routing/Filter/DebugBarFilter.php(161): DebugKit\Panel\SqlLogPanel->initialize()
#6 /var/www/html/cake/vendor/cakephp/cakephp/src/Event/EventManager.php(426): DebugKit\Routing\Filter\DebugBarFilter->beforeDispatch(Object(Cake\Event\Event), Object(Cake\Network\Request), Object(Cake\Network\Response))
#7 /var/www/html/cake/vendor/cakephp/cakephp/src/Event/EventManager.php(391): Cake\Event\EventManager->_callListener(Array, Object(Cake\Event\Event))
#8 /var/www/html/cake/vendor/cakephp/cakephp/src/Event/EventDispatcherTrait.php(78): Cake\Event\EventManager->dispatch(Object(Cake\Event\Event))
#9 /var/www/html/cake/vendor/cakephp/cakephp/src/Http/ActionDispatcher.php(81): Cake\Http\ActionDispatcher->dispatchEvent('Dispatcher.befo...', Array)
#10 /var/www/html/cake/vendor/cakephp/cakephp/src/Http/BaseApplication.php(83): Cake\Http\ActionDispatcher->dispatch(Object(Cake\Network\Request), Object(Cake\Network\Response))
#11 /var/www/html/cake/vendor/cakephp/cakephp/src/Http/Runner.php(65): Cake\Http\BaseApplication->__invoke(Object(Zend\Diactoros\ServerRequest), Object(Zend\Diactoros\Response), Object(Cake\Http\Runner))
#12 /var/www/html/cake/vendor/cakephp/cakephp/src/Routing/Middleware/RoutingMiddleware.php(62): Cake\Http\Runner->__invoke(Object(Zend\Diactoros\ServerRequest), Object(Zend\Diactoros\Response))
#13 /var/www/html/cake/vendor/cakephp/cakephp/src/Http/Runner.php(65): Cake\Routing\Middleware\RoutingMiddleware->__invoke(Object(Zend\Diactoros\ServerRequest), Object(Zend\Diactoros\Response), Object(Cake\Http\Runner))
#14 /var/www/html/cake/vendor/cakephp/cakephp/src/Routing/Middleware/AssetMiddleware.php(88): Cake\Http\Runner->__invoke(Object(Zend\Diactoros\ServerRequest), Object(Zend\Diactoros\Response))
#15 /var/www/html/cake/vendor/cakephp/cakephp/src/Http/Runner.php(65): Cake\Routing\Middleware\AssetMiddleware->__invoke(Object(Zend\Diactoros\ServerRequest), Object(Zend\Diactoros\Response), Object(Cake\Http\Runner))
#16 /var/www/html/cake/vendor/cakephp/cakephp/src/Error/Middleware/ErrorHandlerMiddleware.php(81): Cake\Http\Runner->__invoke(Object(Zend\Diactoros\ServerRequest), Object(Zend\Diactoros\Response))
#17 /var/www/html/cake/vendor/cakephp/cakephp/src/Http/Runner.php(65): Cake\Error\Middleware\ErrorHandlerMiddleware->__invoke(Object(Zend\Diactoros\ServerRequest), Object(Zend\Diactoros\Response), Object(Cake\Http\Runner))
#18 /var/www/html/cake/vendor/cakephp/cakephp/src/Http/Runner.php(51): Cake\Http\Runner->__invoke(Object(Zend\Diactoros\ServerRequest), Object(Zend\Diactoros\Response))
#19 /var/www/html/cake/vendor/cakephp/cakephp/src/Http/Server.php(92): Cake\Http\Runner->run(Object(Cake\Http\MiddlewareQueue), Object(Zend\Diactoros\ServerRequest), Object(Zend\Diactoros\Response))
#20 /var/www/html/cake/webroot/index.php(37): Cake\Http\Server->run()
#21 /var/www/html/cake/index.php(16): require('/var/www/html/c...')
#22 {main}


2016-11-03 13:56:09 Warning: Warning (512): Unable to emit headers. Headers sent in file=/var/www/html/cake/vendor/cakephp/cakephp/src/Error/Debugger.php line=753 in [/var/www/html/cake/vendor/cakephp/cakephp/src/Http/ResponseEmitter.php, line 48]
Request URL: /cake/
Client IP: 172.17.0.1
Trace:
Cake\Error\BaseErrorHandler::handleError() - CORE/src/Error/BaseErrorHandler.php, line 146
Cake\Http\ResponseEmitter::emit() - CORE/src/Http/ResponseEmitter.php, line 48
Cake\Http\Server::emit() - CORE/src/Http/Server.php, line 118
require - ROOT/webroot/index.php, line 37
[main] - ROOT/index.php, line 16



2016-11-03 13:56:09 Warning: Warning (2): Cannot modify header information - headers already sent by (output started at /var/www/html/cake/vendor/cakephp/cakephp/src/Error/Debugger.php:753) in [/var/www/html/cake/vendor/cakephp/cakephp/src/Http/ResponseEmitter.php, line 145]
Request URL: /cake/
Client IP: 172.17.0.1
Trace:
Cake\Error\BaseErrorHandler::handleError() - CORE/src/Error/BaseErrorHandler.php, line 146
header - [internal], line ??
Cake\Http\ResponseEmitter::emitStatusLine() - CORE/src/Http/ResponseEmitter.php, line 145
Cake\Http\ResponseEmitter::emit() - CORE/src/Http/ResponseEmitter.php, line 54
Cake\Http\Server::emit() - CORE/src/Http/Server.php, line 118
require - ROOT/webroot/index.php, line 37
[main] - ROOT/index.php, line 16



2016-11-03 13:56:09 Warning: Warning (2): Cannot modify header information - headers already sent by (output started at /var/www/html/cake/vendor/cakephp/cakephp/src/Error/Debugger.php:753) in [/var/www/html/cake/vendor/cakephp/cakephp/src/Http/ResponseEmitter.php, line 170]
Request URL: /cake/
Client IP: 172.17.0.1
Trace:
Cake\Error\BaseErrorHandler::handleError() - CORE/src/Error/BaseErrorHandler.php, line 146
header - [internal], line ??
Cake\Http\ResponseEmitter::emitHeaders() - CORE/src/Http/ResponseEmitter.php, line 170
Cake\Http\ResponseEmitter::emit() - CORE/src/Http/ResponseEmitter.php, line 55
Cake\Http\Server::emit() - CORE/src/Http/Server.php, line 118
require - ROOT/webroot/index.php, line 37
[main] - ROOT/index.php, line 16



2016-11-03 13:56:09 Warning: Warning (2): Cannot modify header information - headers already sent by (output started at /var/www/html/cake/vendor/cakephp/cakephp/src/Error/Debugger.php:753) in [/var/www/html/cake/vendor/cakephp/cakephp/src/Http/ResponseEmitter.php, line 170]
Request URL: /cake/
Client IP: 172.17.0.1
Trace:
Cake\Error\BaseErrorHandler::handleError() - CORE/src/Error/BaseErrorHandler.php, line 146
header - [internal], line ??
Cake\Http\ResponseEmitter::emitHeaders() - CORE/src/Http/ResponseEmitter.php, line 170
Cake\Http\ResponseEmitter::emit() - CORE/src/Http/ResponseEmitter.php, line 55
Cake\Http\Server::emit() - CORE/src/Http/Server.php, line 118
require - ROOT/webroot/index.php, line 37
[main] - ROOT/index.php, line 16



2016-11-03 14:16:04 Warning: Warning (2): Declaration of Cake\Chronos\Traits\FrozenTimeTrait::setTime($hours, $minutes, $seconds = 0) should be compatible with DateTime::setTime($hour, $minute, $second = NULL, $microseconds = NULL) in [/var/www/html/cake/vendor/cakephp/chronos/src/MutableDate.php, line 24]
Trace:
Cake\Error\BaseErrorHandler::handleError() - CORE/src/Error/BaseErrorHandler.php, line 146
include - ROOT/vendor/cakephp/chronos/src/MutableDate.php, line 24
Composer\Autoload\includeFile - ROOT/vendor/composer/ClassLoader.php, line 414
Composer\Autoload\ClassLoader::loadClass() - ROOT/vendor/composer/ClassLoader.php, line 301
spl_autoload_call - [internal], line ??
include - CORE/src/I18n/Date.php, line 26
Composer\Autoload\includeFile - ROOT/vendor/composer/ClassLoader.php, line 414
Composer\Autoload\ClassLoader::loadClass() - ROOT/vendor/composer/ClassLoader.php, line 301
spl_autoload_call - [internal], line ??
class_exists - [internal], line ??
Cake\Database\Type\DateTimeType::_setClassName() - CORE/src/Database/Type/DateTimeType.php, line 265
Cake\Database\Type\DateTimeType::__construct() - CORE/src/Database/Type/DateTimeType.php, line 94
Cake\Database\Type::build() - CORE/src/Database/Type.php, line 107
require_once - ROOT/config/bootstrap.php, line 192
Cake\Http\BaseApplication::bootstrap() - CORE/src/Http/BaseApplication.php, line 61
Cake\Http\Server::run() - CORE/src/Http/Server.php, line 74
require - ROOT/webroot/index.php, line 37
[main] - ROOT/index.php, line 16



2016-11-03 14:16:04 Warning: Warning (2): Declaration of Cake\Chronos\Traits\FrozenTimeTrait::setTime($hours, $minutes, $seconds = 0) should be compatible with DateTimeImmutable::setTime($hour, $minute, $second = NULL, $microseconds = NULL) in [/var/www/html/cake/vendor/cakephp/chronos/src/Date.php, line 24]
Trace:
Cake\Error\BaseErrorHandler::handleError() - CORE/src/Error/BaseErrorHandler.php, line 146
include - ROOT/vendor/cakephp/chronos/src/Date.php, line 24
Composer\Autoload\includeFile - ROOT/vendor/composer/ClassLoader.php, line 414
Composer\Autoload\ClassLoader::loadClass() - ROOT/vendor/composer/ClassLoader.php, line 301
spl_autoload_call - [internal], line ??
include - CORE/src/I18n/FrozenDate.php, line 28
Composer\Autoload\includeFile - ROOT/vendor/composer/ClassLoader.php, line 414
Composer\Autoload\ClassLoader::loadClass() - ROOT/vendor/composer/ClassLoader.php, line 301
spl_autoload_call - [internal], line ??
class_exists - [internal], line ??
Cake\Database\Type\DateTimeType::_setClassName() - CORE/src/Database/Type/DateTimeType.php, line 265
Cake\Database\Type\DateType::useImmutable() - CORE/src/Database/Type/DateType.php, line 48
require_once - ROOT/config/bootstrap.php, line 193
Cake\Http\BaseApplication::bootstrap() - CORE/src/Http/BaseApplication.php, line 61
Cake\Http\Server::run() - CORE/src/Http/Server.php, line 74
require - ROOT/webroot/index.php, line 37
[main] - ROOT/index.php, line 16



2016-11-03 14:16:05 Error: [Cake\Database\Exception\MissingExtensionException] Database driver Cake\Database\Driver\Mysql cannot be used due to a missing PHP extension or unmet dependency
Exception Attributes: array (
  'driver' => 'Cake\\Database\\Driver\\Mysql',
)
Request URL: /
Stack Trace:
#0 /var/www/html/cake/vendor/cakephp/cakephp/src/Database/Connection.php(108): Cake\Database\Connection->driver(Object(Cake\Database\Driver\Mysql), Array)
#1 /var/www/html/cake/vendor/cakephp/cakephp/src/Datasource/ConnectionRegistry.php(89): Cake\Database\Connection->__construct(Array)
#2 /var/www/html/cake/vendor/cakephp/cakephp/src/Core/ObjectRegistry.php(93): Cake\Datasource\ConnectionRegistry->_create('Cake\\Database\\C...', 'default', Array)
#3 /var/www/html/cake/vendor/cakephp/cakephp/src/Datasource/ConnectionManager.php(205): Cake\Core\ObjectRegistry->load('Cake\\Database\\C...', Array)
#4 /var/www/html/cake/vendor/cakephp/debug_kit/src/Panel/SqlLogPanel.php(47): Cake\Datasource\ConnectionManager::get('default')
#5 /var/www/html/cake/vendor/cakephp/debug_kit/src/Routing/Filter/DebugBarFilter.php(161): DebugKit\Panel\SqlLogPanel->initialize()
#6 /var/www/html/cake/vendor/cakephp/cakephp/src/Event/EventManager.php(426): DebugKit\Routing\Filter\DebugBarFilter->beforeDispatch(Object(Cake\Event\Event), Object(Cake\Network\Request), Object(Cake\Network\Response))
#7 /var/www/html/cake/vendor/cakephp/cakephp/src/Event/EventManager.php(391): Cake\Event\EventManager->_callListener(Array, Object(Cake\Event\Event))
#8 /var/www/html/cake/vendor/cakephp/cakephp/src/Event/EventDispatcherTrait.php(78): Cake\Event\EventManager->dispatch(Object(Cake\Event\Event))
#9 /var/www/html/cake/vendor/cakephp/cakephp/src/Http/ActionDispatcher.php(81): Cake\Http\ActionDispatcher->dispatchEvent('Dispatcher.befo...', Array)
#10 /var/www/html/cake/vendor/cakephp/cakephp/src/Http/BaseApplication.php(83): Cake\Http\ActionDispatcher->dispatch(Object(Cake\Network\Request), Object(Cake\Network\Response))
#11 /var/www/html/cake/vendor/cakephp/cakephp/src/Http/Runner.php(65): Cake\Http\BaseApplication->__invoke(Object(Zend\Diactoros\ServerRequest), Object(Zend\Diactoros\Response), Object(Cake\Http\Runner))
#12 /var/www/html/cake/vendor/cakephp/cakephp/src/Routing/Middleware/RoutingMiddleware.php(62): Cake\Http\Runner->__invoke(Object(Zend\Diactoros\ServerRequest), Object(Zend\Diactoros\Response))
#13 /var/www/html/cake/vendor/cakephp/cakephp/src/Http/Runner.php(65): Cake\Routing\Middleware\RoutingMiddleware->__invoke(Object(Zend\Diactoros\ServerRequest), Object(Zend\Diactoros\Response), Object(Cake\Http\Runner))
#14 /var/www/html/cake/vendor/cakephp/cakephp/src/Routing/Middleware/AssetMiddleware.php(88): Cake\Http\Runner->__invoke(Object(Zend\Diactoros\ServerRequest), Object(Zend\Diactoros\Response))
#15 /var/www/html/cake/vendor/cakephp/cakephp/src/Http/Runner.php(65): Cake\Routing\Middleware\AssetMiddleware->__invoke(Object(Zend\Diactoros\ServerRequest), Object(Zend\Diactoros\Response), Object(Cake\Http\Runner))
#16 /var/www/html/cake/vendor/cakephp/cakephp/src/Error/Middleware/ErrorHandlerMiddleware.php(81): Cake\Http\Runner->__invoke(Object(Zend\Diactoros\ServerRequest), Object(Zend\Diactoros\Response))
#17 /var/www/html/cake/vendor/cakephp/cakephp/src/Http/Runner.php(65): Cake\Error\Middleware\ErrorHandlerMiddleware->__invoke(Object(Zend\Diactoros\ServerRequest), Object(Zend\Diactoros\Response), Object(Cake\Http\Runner))
#18 /var/www/html/cake/vendor/cakephp/cakephp/src/Http/Runner.php(51): Cake\Http\Runner->__invoke(Object(Zend\Diactoros\ServerRequest), Object(Zend\Diactoros\Response))
#19 /var/www/html/cake/vendor/cakephp/cakephp/src/Http/Server.php(92): Cake\Http\Runner->run(Object(Cake\Http\MiddlewareQueue), Object(Zend\Diactoros\ServerRequest), Object(Zend\Diactoros\Response))
#20 /var/www/html/cake/webroot/index.php(37): Cake\Http\Server->run()
#21 /var/www/html/cake/index.php(16): require('/var/www/html/c...')
#22 {main}


2016-11-03 14:16:05 Warning: Warning (512): Unable to emit headers. Headers sent in file=/var/www/html/cake/vendor/cakephp/cakephp/src/Error/Debugger.php line=753 in [/var/www/html/cake/vendor/cakephp/cakephp/src/Http/ResponseEmitter.php, line 48]
Request URL: /cake/
Client IP: 172.17.0.1
Trace:
Cake\Error\BaseErrorHandler::handleError() - CORE/src/Error/BaseErrorHandler.php, line 146
Cake\Http\ResponseEmitter::emit() - CORE/src/Http/ResponseEmitter.php, line 48
Cake\Http\Server::emit() - CORE/src/Http/Server.php, line 118
require - ROOT/webroot/index.php, line 37
[main] - ROOT/index.php, line 16



2016-11-03 14:16:05 Warning: Warning (2): Cannot modify header information - headers already sent by (output started at /var/www/html/cake/vendor/cakephp/cakephp/src/Error/Debugger.php:753) in [/var/www/html/cake/vendor/cakephp/cakephp/src/Http/ResponseEmitter.php, line 145]
Request URL: /cake/
Client IP: 172.17.0.1
Trace:
Cake\Error\BaseErrorHandler::handleError() - CORE/src/Error/BaseErrorHandler.php, line 146
header - [internal], line ??
Cake\Http\ResponseEmitter::emitStatusLine() - CORE/src/Http/ResponseEmitter.php, line 145
Cake\Http\ResponseEmitter::emit() - CORE/src/Http/ResponseEmitter.php, line 54
Cake\Http\Server::emit() - CORE/src/Http/Server.php, line 118
require - ROOT/webroot/index.php, line 37
[main] - ROOT/index.php, line 16



2016-11-03 14:16:05 Warning: Warning (2): Cannot modify header information - headers already sent by (output started at /var/www/html/cake/vendor/cakephp/cakephp/src/Error/Debugger.php:753) in [/var/www/html/cake/vendor/cakephp/cakephp/src/Http/ResponseEmitter.php, line 170]
Request URL: /cake/
Client IP: 172.17.0.1
Trace:
Cake\Error\BaseErrorHandler::handleError() - CORE/src/Error/BaseErrorHandler.php, line 146
header - [internal], line ??
Cake\Http\ResponseEmitter::emitHeaders() - CORE/src/Http/ResponseEmitter.php, line 170
Cake\Http\ResponseEmitter::emit() - CORE/src/Http/ResponseEmitter.php, line 55
Cake\Http\Server::emit() - CORE/src/Http/Server.php, line 118
require - ROOT/webroot/index.php, line 37
[main] - ROOT/index.php, line 16



2016-11-03 14:16:05 Warning: Warning (2): Cannot modify header information - headers already sent by (output started at /var/www/html/cake/vendor/cakephp/cakephp/src/Error/Debugger.php:753) in [/var/www/html/cake/vendor/cakephp/cakephp/src/Http/ResponseEmitter.php, line 170]
Request URL: /cake/
Client IP: 172.17.0.1
Trace:
Cake\Error\BaseErrorHandler::handleError() - CORE/src/Error/BaseErrorHandler.php, line 146
header - [internal], line ??
Cake\Http\ResponseEmitter::emitHeaders() - CORE/src/Http/ResponseEmitter.php, line 170
Cake\Http\ResponseEmitter::emit() - CORE/src/Http/ResponseEmitter.php, line 55
Cake\Http\Server::emit() - CORE/src/Http/Server.php, line 118
require - ROOT/webroot/index.php, line 37
[main] - ROOT/index.php, line 16



2016-11-03 14:16:09 Warning: Warning (2): Declaration of Cake\Chronos\Traits\FrozenTimeTrait::setTime($hours, $minutes, $seconds = 0) should be compatible with DateTime::setTime($hour, $minute, $second = NULL, $microseconds = NULL) in [/var/www/html/cake/vendor/cakephp/chronos/src/MutableDate.php, line 24]
Trace:
Cake\Error\BaseErrorHandler::handleError() - CORE/src/Error/BaseErrorHandler.php, line 146
include - ROOT/vendor/cakephp/chronos/src/MutableDate.php, line 24
Composer\Autoload\includeFile - ROOT/vendor/composer/ClassLoader.php, line 414
Composer\Autoload\ClassLoader::loadClass() - ROOT/vendor/composer/ClassLoader.php, line 301
spl_autoload_call - [internal], line ??
include - CORE/src/I18n/Date.php, line 26
Composer\Autoload\includeFile - ROOT/vendor/composer/ClassLoader.php, line 414
Composer\Autoload\ClassLoader::loadClass() - ROOT/vendor/composer/ClassLoader.php, line 301
spl_autoload_call - [internal], line ??
class_exists - [internal], line ??
Cake\Database\Type\DateTimeType::_setClassName() - CORE/src/Database/Type/DateTimeType.php, line 265
Cake\Database\Type\DateTimeType::__construct() - CORE/src/Database/Type/DateTimeType.php, line 94
Cake\Database\Type::build() - CORE/src/Database/Type.php, line 107
require_once - ROOT/config/bootstrap.php, line 192
Cake\Http\BaseApplication::bootstrap() - CORE/src/Http/BaseApplication.php, line 61
Cake\Http\Server::run() - CORE/src/Http/Server.php, line 74
require - ROOT/webroot/index.php, line 37
[main] - ROOT/index.php, line 16



2016-11-03 14:16:09 Warning: Warning (2): Declaration of Cake\Chronos\Traits\FrozenTimeTrait::setTime($hours, $minutes, $seconds = 0) should be compatible with DateTimeImmutable::setTime($hour, $minute, $second = NULL, $microseconds = NULL) in [/var/www/html/cake/vendor/cakephp/chronos/src/Date.php, line 24]
Trace:
Cake\Error\BaseErrorHandler::handleError() - CORE/src/Error/BaseErrorHandler.php, line 146
include - ROOT/vendor/cakephp/chronos/src/Date.php, line 24
Composer\Autoload\includeFile - ROOT/vendor/composer/ClassLoader.php, line 414
Composer\Autoload\ClassLoader::loadClass() - ROOT/vendor/composer/ClassLoader.php, line 301
spl_autoload_call - [internal], line ??
include - CORE/src/I18n/FrozenDate.php, line 28
Composer\Autoload\includeFile - ROOT/vendor/composer/ClassLoader.php, line 414
Composer\Autoload\ClassLoader::loadClass() - ROOT/vendor/composer/ClassLoader.php, line 301
spl_autoload_call - [internal], line ??
class_exists - [internal], line ??
Cake\Database\Type\DateTimeType::_setClassName() - CORE/src/Database/Type/DateTimeType.php, line 265
Cake\Database\Type\DateType::useImmutable() - CORE/src/Database/Type/DateType.php, line 48
require_once - ROOT/config/bootstrap.php, line 193
Cake\Http\BaseApplication::bootstrap() - CORE/src/Http/BaseApplication.php, line 61
Cake\Http\Server::run() - CORE/src/Http/Server.php, line 74
require - ROOT/webroot/index.php, line 37
[main] - ROOT/index.php, line 16



2016-11-03 14:16:10 Error: [Cake\Database\Exception\MissingExtensionException] Database driver Cake\Database\Driver\Mysql cannot be used due to a missing PHP extension or unmet dependency
Exception Attributes: array (
  'driver' => 'Cake\\Database\\Driver\\Mysql',
)
Request URL: /
Stack Trace:
#0 /var/www/html/cake/vendor/cakephp/cakephp/src/Database/Connection.php(108): Cake\Database\Connection->driver(Object(Cake\Database\Driver\Mysql), Array)
#1 /var/www/html/cake/vendor/cakephp/cakephp/src/Datasource/ConnectionRegistry.php(89): Cake\Database\Connection->__construct(Array)
#2 /var/www/html/cake/vendor/cakephp/cakephp/src/Core/ObjectRegistry.php(93): Cake\Datasource\ConnectionRegistry->_create('Cake\\Database\\C...', 'default', Array)
#3 /var/www/html/cake/vendor/cakephp/cakephp/src/Datasource/ConnectionManager.php(205): Cake\Core\ObjectRegistry->load('Cake\\Database\\C...', Array)
#4 /var/www/html/cake/vendor/cakephp/debug_kit/src/Panel/SqlLogPanel.php(47): Cake\Datasource\ConnectionManager::get('default')
#5 /var/www/html/cake/vendor/cakephp/debug_kit/src/Routing/Filter/DebugBarFilter.php(161): DebugKit\Panel\SqlLogPanel->initialize()
#6 /var/www/html/cake/vendor/cakephp/cakephp/src/Event/EventManager.php(426): DebugKit\Routing\Filter\DebugBarFilter->beforeDispatch(Object(Cake\Event\Event), Object(Cake\Network\Request), Object(Cake\Network\Response))
#7 /var/www/html/cake/vendor/cakephp/cakephp/src/Event/EventManager.php(391): Cake\Event\EventManager->_callListener(Array, Object(Cake\Event\Event))
#8 /var/www/html/cake/vendor/cakephp/cakephp/src/Event/EventDispatcherTrait.php(78): Cake\Event\EventManager->dispatch(Object(Cake\Event\Event))
#9 /var/www/html/cake/vendor/cakephp/cakephp/src/Http/ActionDispatcher.php(81): Cake\Http\ActionDispatcher->dispatchEvent('Dispatcher.befo...', Array)
#10 /var/www/html/cake/vendor/cakephp/cakephp/src/Http/BaseApplication.php(83): Cake\Http\ActionDispatcher->dispatch(Object(Cake\Network\Request), Object(Cake\Network\Response))
#11 /var/www/html/cake/vendor/cakephp/cakephp/src/Http/Runner.php(65): Cake\Http\BaseApplication->__invoke(Object(Zend\Diactoros\ServerRequest), Object(Zend\Diactoros\Response), Object(Cake\Http\Runner))
#12 /var/www/html/cake/vendor/cakephp/cakephp/src/Routing/Middleware/RoutingMiddleware.php(62): Cake\Http\Runner->__invoke(Object(Zend\Diactoros\ServerRequest), Object(Zend\Diactoros\Response))
#13 /var/www/html/cake/vendor/cakephp/cakephp/src/Http/Runner.php(65): Cake\Routing\Middleware\RoutingMiddleware->__invoke(Object(Zend\Diactoros\ServerRequest), Object(Zend\Diactoros\Response), Object(Cake\Http\Runner))
#14 /var/www/html/cake/vendor/cakephp/cakephp/src/Routing/Middleware/AssetMiddleware.php(88): Cake\Http\Runner->__invoke(Object(Zend\Diactoros\ServerRequest), Object(Zend\Diactoros\Response))
#15 /var/www/html/cake/vendor/cakephp/cakephp/src/Http/Runner.php(65): Cake\Routing\Middleware\AssetMiddleware->__invoke(Object(Zend\Diactoros\ServerRequest), Object(Zend\Diactoros\Response), Object(Cake\Http\Runner))
#16 /var/www/html/cake/vendor/cakephp/cakephp/src/Error/Middleware/ErrorHandlerMiddleware.php(81): Cake\Http\Runner->__invoke(Object(Zend\Diactoros\ServerRequest), Object(Zend\Diactoros\Response))
#17 /var/www/html/cake/vendor/cakephp/cakephp/src/Http/Runner.php(65): Cake\Error\Middleware\ErrorHandlerMiddleware->__invoke(Object(Zend\Diactoros\ServerRequest), Object(Zend\Diactoros\Response), Object(Cake\Http\Runner))
#18 /var/www/html/cake/vendor/cakephp/cakephp/src/Http/Runner.php(51): Cake\Http\Runner->__invoke(Object(Zend\Diactoros\ServerRequest), Object(Zend\Diactoros\Response))
#19 /var/www/html/cake/vendor/cakephp/cakephp/src/Http/Server.php(92): Cake\Http\Runner->run(Object(Cake\Http\MiddlewareQueue), Object(Zend\Diactoros\ServerRequest), Object(Zend\Diactoros\Response))
#20 /var/www/html/cake/webroot/index.php(37): Cake\Http\Server->run()
#21 /var/www/html/cake/index.php(16): require('/var/www/html/c...')
#22 {main}


2016-11-03 14:16:10 Warning: Warning (512): Unable to emit headers. Headers sent in file=/var/www/html/cake/vendor/cakephp/cakephp/src/Error/Debugger.php line=753 in [/var/www/html/cake/vendor/cakephp/cakephp/src/Http/ResponseEmitter.php, line 48]
Request URL: /cake/
Client IP: 172.17.0.1
Trace:
Cake\Error\BaseErrorHandler::handleError() - CORE/src/Error/BaseErrorHandler.php, line 146
Cake\Http\ResponseEmitter::emit() - CORE/src/Http/ResponseEmitter.php, line 48
Cake\Http\Server::emit() - CORE/src/Http/Server.php, line 118
require - ROOT/webroot/index.php, line 37
[main] - ROOT/index.php, line 16



2016-11-03 14:16:10 Warning: Warning (2): Cannot modify header information - headers already sent by (output started at /var/www/html/cake/vendor/cakephp/cakephp/src/Error/Debugger.php:753) in [/var/www/html/cake/vendor/cakephp/cakephp/src/Http/ResponseEmitter.php, line 145]
Request URL: /cake/
Client IP: 172.17.0.1
Trace:
Cake\Error\BaseErrorHandler::handleError() - CORE/src/Error/BaseErrorHandler.php, line 146
header - [internal], line ??
Cake\Http\ResponseEmitter::emitStatusLine() - CORE/src/Http/ResponseEmitter.php, line 145
Cake\Http\ResponseEmitter::emit() - CORE/src/Http/ResponseEmitter.php, line 54
Cake\Http\Server::emit() - CORE/src/Http/Server.php, line 118
require - ROOT/webroot/index.php, line 37
[main] - ROOT/index.php, line 16



2016-11-03 14:16:10 Warning: Warning (2): Cannot modify header information - headers already sent by (output started at /var/www/html/cake/vendor/cakephp/cakephp/src/Error/Debugger.php:753) in [/var/www/html/cake/vendor/cakephp/cakephp/src/Http/ResponseEmitter.php, line 170]
Request URL: /cake/
Client IP: 172.17.0.1
Trace:
Cake\Error\BaseErrorHandler::handleError() - CORE/src/Error/BaseErrorHandler.php, line 146
header - [internal], line ??
Cake\Http\ResponseEmitter::emitHeaders() - CORE/src/Http/ResponseEmitter.php, line 170
Cake\Http\ResponseEmitter::emit() - CORE/src/Http/ResponseEmitter.php, line 55
Cake\Http\Server::emit() - CORE/src/Http/Server.php, line 118
require - ROOT/webroot/index.php, line 37
[main] - ROOT/index.php, line 16



2016-11-03 14:16:10 Warning: Warning (2): Cannot modify header information - headers already sent by (output started at /var/www/html/cake/vendor/cakephp/cakephp/src/Error/Debugger.php:753) in [/var/www/html/cake/vendor/cakephp/cakephp/src/Http/ResponseEmitter.php, line 170]
Request URL: /cake/
Client IP: 172.17.0.1
Trace:
Cake\Error\BaseErrorHandler::handleError() - CORE/src/Error/BaseErrorHandler.php, line 146
header - [internal], line ??
Cake\Http\ResponseEmitter::emitHeaders() - CORE/src/Http/ResponseEmitter.php, line 170
Cake\Http\ResponseEmitter::emit() - CORE/src/Http/ResponseEmitter.php, line 55
Cake\Http\Server::emit() - CORE/src/Http/Server.php, line 118
require - ROOT/webroot/index.php, line 37
[main] - ROOT/index.php, line 16



2016-11-04 13:24:33 Error: [Cake\Routing\Exception\MissingControllerException] Controller class Index.ph could not be found.
Exception Attributes: array (
  'class' => 'Index.ph',
  'plugin' => false,
  'prefix' => false,
  '_ext' => false,
)
Request URL: /index.ph
Stack Trace:
#0 /var/www/html/cake/vendor/cakephp/cakephp/src/Http/ControllerFactory.php(67): Cake\Http\ControllerFactory->missingController(Object(Cake\Network\Request))
#1 /var/www/html/cake/vendor/cakephp/cakephp/src/Http/ActionDispatcher.php(93): Cake\Http\ControllerFactory->create(Object(Cake\Network\Request), Object(Cake\Network\Response))
#2 /var/www/html/cake/vendor/cakephp/cakephp/src/Http/BaseApplication.php(83): Cake\Http\ActionDispatcher->dispatch(Object(Cake\Network\Request), Object(Cake\Network\Response))
#3 /var/www/html/cake/vendor/cakephp/cakephp/src/Http/Runner.php(65): Cake\Http\BaseApplication->__invoke(Object(Zend\Diactoros\ServerRequest), Object(Zend\Diactoros\Response), Object(Cake\Http\Runner))
#4 /var/www/html/cake/vendor/cakephp/cakephp/src/Routing/Middleware/RoutingMiddleware.php(62): Cake\Http\Runner->__invoke(Object(Zend\Diactoros\ServerRequest), Object(Zend\Diactoros\Response))
#5 /var/www/html/cake/vendor/cakephp/cakephp/src/Http/Runner.php(65): Cake\Routing\Middleware\RoutingMiddleware->__invoke(Object(Zend\Diactoros\ServerRequest), Object(Zend\Diactoros\Response), Object(Cake\Http\Runner))
#6 /var/www/html/cake/vendor/cakephp/cakephp/src/Routing/Middleware/AssetMiddleware.php(93): Cake\Http\Runner->__invoke(Object(Zend\Diactoros\ServerRequest), Object(Zend\Diactoros\Response))
#7 /var/www/html/cake/vendor/cakephp/cakephp/src/Http/Runner.php(65): Cake\Routing\Middleware\AssetMiddleware->__invoke(Object(Zend\Diactoros\ServerRequest), Object(Zend\Diactoros\Response), Object(Cake\Http\Runner))
#8 /var/www/html/cake/vendor/cakephp/cakephp/src/Error/Middleware/ErrorHandlerMiddleware.php(81): Cake\Http\Runner->__invoke(Object(Zend\Diactoros\ServerRequest), Object(Zend\Diactoros\Response))
#9 /var/www/html/cake/vendor/cakephp/cakephp/src/Http/Runner.php(65): Cake\Error\Middleware\ErrorHandlerMiddleware->__invoke(Object(Zend\Diactoros\ServerRequest), Object(Zend\Diactoros\Response), Object(Cake\Http\Runner))
#10 /var/www/html/cake/vendor/cakephp/cakephp/src/Http/Runner.php(51): Cake\Http\Runner->__invoke(Object(Zend\Diactoros\ServerRequest), Object(Zend\Diactoros\Response))
#11 /var/www/html/cake/vendor/cakephp/cakephp/src/Http/Server.php(92): Cake\Http\Runner->run(Object(Cake\Http\MiddlewareQueue), Object(Zend\Diactoros\ServerRequest), Object(Zend\Diactoros\Response))
#12 /var/www/html/cake/webroot/index.php(37): Cake\Http\Server->run()
#13 {main}


2016-11-05 21:07:19 Error: [Cake\Controller\Exception\MissingActionException] Action ArticlesController::index.php() could not be found, or is not accessible.
Exception Attributes: array (
  'controller' => 'ArticlesController',
  'action' => 'index.php',
  'prefix' => '',
  'plugin' => NULL,
)
Request URL: /articles/index.php
Stack Trace:
#0 /var/www/html/cake/vendor/cakephp/cakephp/src/Http/ActionDispatcher.php(122): Cake\Controller\Controller->invokeAction()
#1 /var/www/html/cake/vendor/cakephp/cakephp/src/Http/ActionDispatcher.php(96): Cake\Http\ActionDispatcher->_invoke(Object(App\Controller\ArticlesController))
#2 /var/www/html/cake/vendor/cakephp/cakephp/src/Http/BaseApplication.php(83): Cake\Http\ActionDispatcher->dispatch(Object(Cake\Network\Request), Object(Cake\Network\Response))
#3 /var/www/html/cake/vendor/cakephp/cakephp/src/Http/Runner.php(65): Cake\Http\BaseApplication->__invoke(Object(Zend\Diactoros\ServerRequest), Object(Zend\Diactoros\Response), Object(Cake\Http\Runner))
#4 /var/www/html/cake/vendor/cakephp/cakephp/src/Routing/Middleware/RoutingMiddleware.php(62): Cake\Http\Runner->__invoke(Object(Zend\Diactoros\ServerRequest), Object(Zend\Diactoros\Response))
#5 /var/www/html/cake/vendor/cakephp/cakephp/src/Http/Runner.php(65): Cake\Routing\Middleware\RoutingMiddleware->__invoke(Object(Zend\Diactoros\ServerRequest), Object(Zend\Diactoros\Response), Object(Cake\Http\Runner))
#6 /var/www/html/cake/vendor/cakephp/cakephp/src/Routing/Middleware/AssetMiddleware.php(93): Cake\Http\Runner->__invoke(Object(Zend\Diactoros\ServerRequest), Object(Zend\Diactoros\Response))
#7 /var/www/html/cake/vendor/cakephp/cakephp/src/Http/Runner.php(65): Cake\Routing\Middleware\AssetMiddleware->__invoke(Object(Zend\Diactoros\ServerRequest), Object(Zend\Diactoros\Response), Object(Cake\Http\Runner))
#8 /var/www/html/cake/vendor/cakephp/cakephp/src/Error/Middleware/ErrorHandlerMiddleware.php(81): Cake\Http\Runner->__invoke(Object(Zend\Diactoros\ServerRequest), Object(Zend\Diactoros\Response))
#9 /var/www/html/cake/vendor/cakephp/cakephp/src/Http/Runner.php(65): Cake\Error\Middleware\ErrorHandlerMiddleware->__invoke(Object(Zend\Diactoros\ServerRequest), Object(Zend\Diactoros\Response), Object(Cake\Http\Runner))
#10 /var/www/html/cake/vendor/cakephp/cakephp/src/Http/Runner.php(51): Cake\Http\Runner->__invoke(Object(Zend\Diactoros\ServerRequest), Object(Zend\Diactoros\Response))
#11 /var/www/html/cake/vendor/cakephp/cakephp/src/Http/Server.php(92): Cake\Http\Runner->run(Object(Cake\Http\MiddlewareQueue), Object(Zend\Diactoros\ServerRequest), Object(Zend\Diactoros\Response))
#12 /var/www/html/cake/webroot/index.php(37): Cake\Http\Server->run()
#13 {main}


2016-11-05 21:07:57 Error: [Cake\Controller\Exception\MissingActionException] Action ArticlesController::index.php() could not be found, or is not accessible.
Exception Attributes: array (
  'controller' => 'ArticlesController',
  'action' => 'index.php',
  'prefix' => '',
  'plugin' => NULL,
)
Request URL: /articles/index.php
Stack Trace:
#0 /var/www/html/cake/vendor/cakephp/cakephp/src/Http/ActionDispatcher.php(122): Cake\Controller\Controller->invokeAction()
#1 /var/www/html/cake/vendor/cakephp/cakephp/src/Http/ActionDispatcher.php(96): Cake\Http\ActionDispatcher->_invoke(Object(App\Controller\ArticlesController))
#2 /var/www/html/cake/vendor/cakephp/cakephp/src/Http/BaseApplication.php(83): Cake\Http\ActionDispatcher->dispatch(Object(Cake\Network\Request), Object(Cake\Network\Response))
#3 /var/www/html/cake/vendor/cakephp/cakephp/src/Http/Runner.php(65): Cake\Http\BaseApplication->__invoke(Object(Zend\Diactoros\ServerRequest), Object(Zend\Diactoros\Response), Object(Cake\Http\Runner))
#4 /var/www/html/cake/vendor/cakephp/cakephp/src/Routing/Middleware/RoutingMiddleware.php(62): Cake\Http\Runner->__invoke(Object(Zend\Diactoros\ServerRequest), Object(Zend\Diactoros\Response))
#5 /var/www/html/cake/vendor/cakephp/cakephp/src/Http/Runner.php(65): Cake\Routing\Middleware\RoutingMiddleware->__invoke(Object(Zend\Diactoros\ServerRequest), Object(Zend\Diactoros\Response), Object(Cake\Http\Runner))
#6 /var/www/html/cake/vendor/cakephp/cakephp/src/Routing/Middleware/AssetMiddleware.php(93): Cake\Http\Runner->__invoke(Object(Zend\Diactoros\ServerRequest), Object(Zend\Diactoros\Response))
#7 /var/www/html/cake/vendor/cakephp/cakephp/src/Http/Runner.php(65): Cake\Routing\Middleware\AssetMiddleware->__invoke(Object(Zend\Diactoros\ServerRequest), Object(Zend\Diactoros\Response), Object(Cake\Http\Runner))
#8 /var/www/html/cake/vendor/cakephp/cakephp/src/Error/Middleware/ErrorHandlerMiddleware.php(81): Cake\Http\Runner->__invoke(Object(Zend\Diactoros\ServerRequest), Object(Zend\Diactoros\Response))
#9 /var/www/html/cake/vendor/cakephp/cakephp/src/Http/Runner.php(65): Cake\Error\Middleware\ErrorHandlerMiddleware->__invoke(Object(Zend\Diactoros\ServerRequest), Object(Zend\Diactoros\Response), Object(Cake\Http\Runner))
#10 /var/www/html/cake/vendor/cakephp/cakephp/src/Http/Runner.php(51): Cake\Http\Runner->__invoke(Object(Zend\Diactoros\ServerRequest), Object(Zend\Diactoros\Response))
#11 /var/www/html/cake/vendor/cakephp/cakephp/src/Http/Server.php(92): Cake\Http\Runner->run(Object(Cake\Http\MiddlewareQueue), Object(Zend\Diactoros\ServerRequest), Object(Zend\Diactoros\Response))
#12 /var/www/html/cake/webroot/index.php(37): Cake\Http\Server->run()
#13 {main}


2016-11-05 21:08:23 Error: [Cake\Controller\Exception\MissingActionException] Action ArticlesController::index.php() could not be found, or is not accessible.
Exception Attributes: array (
  'controller' => 'ArticlesController',
  'action' => 'index.php',
  'prefix' => '',
  'plugin' => NULL,
)
Request URL: /articles/index.php
Stack Trace:
#0 /var/www/html/cake/vendor/cakephp/cakephp/src/Http/ActionDispatcher.php(122): Cake\Controller\Controller->invokeAction()
#1 /var/www/html/cake/vendor/cakephp/cakephp/src/Http/ActionDispatcher.php(96): Cake\Http\ActionDispatcher->_invoke(Object(App\Controller\ArticlesController))
#2 /var/www/html/cake/vendor/cakephp/cakephp/src/Http/BaseApplication.php(83): Cake\Http\ActionDispatcher->dispatch(Object(Cake\Network\Request), Object(Cake\Network\Response))
#3 /var/www/html/cake/vendor/cakephp/cakephp/src/Http/Runner.php(65): Cake\Http\BaseApplication->__invoke(Object(Zend\Diactoros\ServerRequest), Object(Zend\Diactoros\Response), Object(Cake\Http\Runner))
#4 /var/www/html/cake/vendor/cakephp/cakephp/src/Routing/Middleware/RoutingMiddleware.php(62): Cake\Http\Runner->__invoke(Object(Zend\Diactoros\ServerRequest), Object(Zend\Diactoros\Response))
#5 /var/www/html/cake/vendor/cakephp/cakephp/src/Http/Runner.php(65): Cake\Routing\Middleware\RoutingMiddleware->__invoke(Object(Zend\Diactoros\ServerRequest), Object(Zend\Diactoros\Response), Object(Cake\Http\Runner))
#6 /var/www/html/cake/vendor/cakephp/cakephp/src/Routing/Middleware/AssetMiddleware.php(93): Cake\Http\Runner->__invoke(Object(Zend\Diactoros\ServerRequest), Object(Zend\Diactoros\Response))
#7 /var/www/html/cake/vendor/cakephp/cakephp/src/Http/Runner.php(65): Cake\Routing\Middleware\AssetMiddleware->__invoke(Object(Zend\Diactoros\ServerRequest), Object(Zend\Diactoros\Response), Object(Cake\Http\Runner))
#8 /var/www/html/cake/vendor/cakephp/cakephp/src/Error/Middleware/ErrorHandlerMiddleware.php(81): Cake\Http\Runner->__invoke(Object(Zend\Diactoros\ServerRequest), Object(Zend\Diactoros\Response))
#9 /var/www/html/cake/vendor/cakephp/cakephp/src/Http/Runner.php(65): Cake\Error\Middleware\ErrorHandlerMiddleware->__invoke(Object(Zend\Diactoros\ServerRequest), Object(Zend\Diactoros\Response), Object(Cake\Http\Runner))
#10 /var/www/html/cake/vendor/cakephp/cakephp/src/Http/Runner.php(51): Cake\Http\Runner->__invoke(Object(Zend\Diactoros\ServerRequest), Object(Zend\Diactoros\Response))
#11 /var/www/html/cake/vendor/cakephp/cakephp/src/Http/Server.php(92): Cake\Http\Runner->run(Object(Cake\Http\MiddlewareQueue), Object(Zend\Diactoros\ServerRequest), Object(Zend\Diactoros\Response))
#12 /var/www/html/cake/webroot/index.php(37): Cake\Http\Server->run()
#13 {main}


2016-11-05 21:08:34 Error: [Cake\Controller\Exception\MissingActionException] Action ArticlesController::index.php() could not be found, or is not accessible.
Exception Attributes: array (
  'controller' => 'ArticlesController',
  'action' => 'index.php',
  'prefix' => '',
  'plugin' => NULL,
)
Request URL: /articles/index.php
Stack Trace:
#0 /var/www/html/cake/vendor/cakephp/cakephp/src/Http/ActionDispatcher.php(122): Cake\Controller\Controller->invokeAction()
#1 /var/www/html/cake/vendor/cakephp/cakephp/src/Http/ActionDispatcher.php(96): Cake\Http\ActionDispatcher->_invoke(Object(App\Controller\ArticlesController))
#2 /var/www/html/cake/vendor/cakephp/cakephp/src/Http/BaseApplication.php(83): Cake\Http\ActionDispatcher->dispatch(Object(Cake\Network\Request), Object(Cake\Network\Response))
#3 /var/www/html/cake/vendor/cakephp/cakephp/src/Http/Runner.php(65): Cake\Http\BaseApplication->__invoke(Object(Zend\Diactoros\ServerRequest), Object(Zend\Diactoros\Response), Object(Cake\Http\Runner))
#4 /var/www/html/cake/vendor/cakephp/cakephp/src/Routing/Middleware/RoutingMiddleware.php(62): Cake\Http\Runner->__invoke(Object(Zend\Diactoros\ServerRequest), Object(Zend\Diactoros\Response))
#5 /var/www/html/cake/vendor/cakephp/cakephp/src/Http/Runner.php(65): Cake\Routing\Middleware\RoutingMiddleware->__invoke(Object(Zend\Diactoros\ServerRequest), Object(Zend\Diactoros\Response), Object(Cake\Http\Runner))
#6 /var/www/html/cake/vendor/cakephp/cakephp/src/Routing/Middleware/AssetMiddleware.php(93): Cake\Http\Runner->__invoke(Object(Zend\Diactoros\ServerRequest), Object(Zend\Diactoros\Response))
#7 /var/www/html/cake/vendor/cakephp/cakephp/src/Http/Runner.php(65): Cake\Routing\Middleware\AssetMiddleware->__invoke(Object(Zend\Diactoros\ServerRequest), Object(Zend\Diactoros\Response), Object(Cake\Http\Runner))
#8 /var/www/html/cake/vendor/cakephp/cakephp/src/Error/Middleware/ErrorHandlerMiddleware.php(81): Cake\Http\Runner->__invoke(Object(Zend\Diactoros\ServerRequest), Object(Zend\Diactoros\Response))
#9 /var/www/html/cake/vendor/cakephp/cakephp/src/Http/Runner.php(65): Cake\Error\Middleware\ErrorHandlerMiddleware->__invoke(Object(Zend\Diactoros\ServerRequest), Object(Zend\Diactoros\Response), Object(Cake\Http\Runner))
#10 /var/www/html/cake/vendor/cakephp/cakephp/src/Http/Runner.php(51): Cake\Http\Runner->__invoke(Object(Zend\Diactoros\ServerRequest), Object(Zend\Diactoros\Response))
#11 /var/www/html/cake/vendor/cakephp/cakephp/src/Http/Server.php(92): Cake\Http\Runner->run(Object(Cake\Http\MiddlewareQueue), Object(Zend\Diactoros\ServerRequest), Object(Zend\Diactoros\Response))
#12 /var/www/html/cake/webroot/index.php(37): Cake\Http\Server->run()
#13 {main}


2016-11-06 01:25:35 Error: [Cake\Controller\Exception\MissingActionException] Action ArticlesController::index.php() could not be found, or is not accessible.
Exception Attributes: array (
  'controller' => 'ArticlesController',
  'action' => 'index.php',
  'prefix' => '',
  'plugin' => NULL,
)
Request URL: /articles/index.php
Stack Trace:
#0 /var/www/html/cake/vendor/cakephp/cakephp/src/Http/ActionDispatcher.php(122): Cake\Controller\Controller->invokeAction()
#1 /var/www/html/cake/vendor/cakephp/cakephp/src/Http/ActionDispatcher.php(96): Cake\Http\ActionDispatcher->_invoke(Object(App\Controller\ArticlesController))
#2 /var/www/html/cake/vendor/cakephp/cakephp/src/Http/BaseApplication.php(83): Cake\Http\ActionDispatcher->dispatch(Object(Cake\Network\Request), Object(Cake\Network\Response))
#3 /var/www/html/cake/vendor/cakephp/cakephp/src/Http/Runner.php(65): Cake\Http\BaseApplication->__invoke(Object(Zend\Diactoros\ServerRequest), Object(Zend\Diactoros\Response), Object(Cake\Http\Runner))
#4 /var/www/html/cake/vendor/cakephp/cakephp/src/Routing/Middleware/RoutingMiddleware.php(62): Cake\Http\Runner->__invoke(Object(Zend\Diactoros\ServerRequest), Object(Zend\Diactoros\Response))
#5 /var/www/html/cake/vendor/cakephp/cakephp/src/Http/Runner.php(65): Cake\Routing\Middleware\RoutingMiddleware->__invoke(Object(Zend\Diactoros\ServerRequest), Object(Zend\Diactoros\Response), Object(Cake\Http\Runner))
#6 /var/www/html/cake/vendor/cakephp/cakephp/src/Routing/Middleware/AssetMiddleware.php(93): Cake\Http\Runner->__invoke(Object(Zend\Diactoros\ServerRequest), Object(Zend\Diactoros\Response))
#7 /var/www/html/cake/vendor/cakephp/cakephp/src/Http/Runner.php(65): Cake\Routing\Middleware\AssetMiddleware->__invoke(Object(Zend\Diactoros\ServerRequest), Object(Zend\Diactoros\Response), Object(Cake\Http\Runner))
#8 /var/www/html/cake/vendor/cakephp/cakephp/src/Error/Middleware/ErrorHandlerMiddleware.php(81): Cake\Http\Runner->__invoke(Object(Zend\Diactoros\ServerRequest), Object(Zend\Diactoros\Response))
#9 /var/www/html/cake/vendor/cakephp/cakephp/src/Http/Runner.php(65): Cake\Error\Middleware\ErrorHandlerMiddleware->__invoke(Object(Zend\Diactoros\ServerRequest), Object(Zend\Diactoros\Response), Object(Cake\Http\Runner))
#10 /var/www/html/cake/vendor/cakephp/cakephp/src/Http/Runner.php(51): Cake\Http\Runner->__invoke(Object(Zend\Diactoros\ServerRequest), Object(Zend\Diactoros\Response))
#11 /var/www/html/cake/vendor/cakephp/cakephp/src/Http/Server.php(92): Cake\Http\Runner->run(Object(Cake\Http\MiddlewareQueue), Object(Zend\Diactoros\ServerRequest), Object(Zend\Diactoros\Response))
#12 /var/www/html/cake/webroot/index.php(37): Cake\Http\Server->run()
#13 {main}


